[0.967s] Invoking command in '/root/ap4_hlc_docker_dir/ap4hlc_ws/src/path_tracker': PYTHONPATH=/root/ap4_hlc_docker_dir/ap4hlc_ws/build/path_tracker/prefix_override:/usr/lib/python3/dist-packages/colcon_core/task/python/colcon_distutils_commands:/root/ap4_hlc_docker_dir/ap4hlc_ws/install/path_tracker/lib/python3.10/site-packages:${PYTHONPATH} /usr/bin/python3 -W ignore:setup.py install is deprecated -W ignore:easy_install command is deprecated setup.py egg_info --egg-base ../../build/path_tracker build --build-base /root/ap4_hlc_docker_dir/ap4hlc_ws/build/path_tracker/build install --record /root/ap4_hlc_docker_dir/ap4hlc_ws/build/path_tracker/install.log --single-version-externally-managed install_data
[1.134s] running egg_info
[1.135s] writing ../../build/path_tracker/path_tracker.egg-info/PKG-INFO
[1.135s] writing dependency_links to ../../build/path_tracker/path_tracker.egg-info/dependency_links.txt
[1.135s] writing entry points to ../../build/path_tracker/path_tracker.egg-info/entry_points.txt
[1.135s] writing requirements to ../../build/path_tracker/path_tracker.egg-info/requires.txt
[1.135s] writing top-level names to ../../build/path_tracker/path_tracker.egg-info/top_level.txt
[1.136s] reading manifest file '../../build/path_tracker/path_tracker.egg-info/SOURCES.txt'
[1.137s] writing manifest file '../../build/path_tracker/path_tracker.egg-info/SOURCES.txt'
[1.137s] running build
[1.137s] running build_py
[1.137s] running install
[1.137s] running install_lib
[1.138s] running install_data
[1.138s] running install_egg_info
[1.139s] removing '/root/ap4_hlc_docker_dir/ap4hlc_ws/install/path_tracker/lib/python3.10/site-packages/path_tracker-0.1.0-py3.10.egg-info' (and everything under it)
[1.140s] Copying ../../build/path_tracker/path_tracker.egg-info to /root/ap4_hlc_docker_dir/ap4hlc_ws/install/path_tracker/lib/python3.10/site-packages/path_tracker-0.1.0-py3.10.egg-info
[1.140s] running install_scripts
[1.155s] Installing odom_recorder script to /root/ap4_hlc_docker_dir/ap4hlc_ws/install/path_tracker/lib/path_tracker
[1.155s] Installing path_recorder script to /root/ap4_hlc_docker_dir/ap4hlc_ws/install/path_tracker/lib/path_tracker
[1.155s] writing list of installed files to '/root/ap4_hlc_docker_dir/ap4hlc_ws/build/path_tracker/install.log'
[1.185s] Invoked command in '/root/ap4_hlc_docker_dir/ap4hlc_ws/src/path_tracker' returned '0': PYTHONPATH=/root/ap4_hlc_docker_dir/ap4hlc_ws/build/path_tracker/prefix_override:/usr/lib/python3/dist-packages/colcon_core/task/python/colcon_distutils_commands:/root/ap4_hlc_docker_dir/ap4hlc_ws/install/path_tracker/lib/python3.10/site-packages:${PYTHONPATH} /usr/bin/python3 -W ignore:setup.py install is deprecated -W ignore:easy_install command is deprecated setup.py egg_info --egg-base ../../build/path_tracker build --build-base /root/ap4_hlc_docker_dir/ap4hlc_ws/build/path_tracker/build install --record /root/ap4_hlc_docker_dir/ap4hlc_ws/build/path_tracker/install.log --single-version-externally-managed install_data
