running egg_info
creating ../../build/path_tracker/path_tracker.egg-info
writing ../../build/path_tracker/path_tracker.egg-info/PKG-INFO
writing dependency_links to ../../build/path_tracker/path_tracker.egg-info/dependency_links.txt
writing entry points to ../../build/path_tracker/path_tracker.egg-info/entry_points.txt
writing requirements to ../../build/path_tracker/path_tracker.egg-info/requires.txt
writing top-level names to ../../build/path_tracker/path_tracker.egg-info/top_level.txt
writing manifest file '../../build/path_tracker/path_tracker.egg-info/SOURCES.txt'
reading manifest file '../../build/path_tracker/path_tracker.egg-info/SOURCES.txt'
writing manifest file '../../build/path_tracker/path_tracker.egg-info/SOURCES.txt'
running build
running build_py
creating /root/ap4_hlc_docker_dir/ap4hlc_ws/build/path_tracker/build
creating /root/ap4_hlc_docker_dir/ap4hlc_ws/build/path_tracker/build/lib
creating /root/ap4_hlc_docker_dir/ap4hlc_ws/build/path_tracker/build/lib/path_tracker
copying path_tracker/__init__.py -> /root/ap4_hlc_docker_dir/ap4hlc_ws/build/path_tracker/build/lib/path_tracker
copying path_tracker/result.py -> /root/ap4_hlc_docker_dir/ap4hlc_ws/build/path_tracker/build/lib/path_tracker
copying path_tracker/path_recorder.py -> /root/ap4_hlc_docker_dir/ap4hlc_ws/build/path_tracker/build/lib/path_tracker
running install
running install_lib
creating /root/ap4_hlc_docker_dir/ap4hlc_ws/install/path_tracker/lib/python3.10/site-packages/path_tracker
copying /root/ap4_hlc_docker_dir/ap4hlc_ws/build/path_tracker/build/lib/path_tracker/__init__.py -> /root/ap4_hlc_docker_dir/ap4hlc_ws/install/path_tracker/lib/python3.10/site-packages/path_tracker
copying /root/ap4_hlc_docker_dir/ap4hlc_ws/build/path_tracker/build/lib/path_tracker/result.py -> /root/ap4_hlc_docker_dir/ap4hlc_ws/install/path_tracker/lib/python3.10/site-packages/path_tracker
copying /root/ap4_hlc_docker_dir/ap4hlc_ws/build/path_tracker/build/lib/path_tracker/path_recorder.py -> /root/ap4_hlc_docker_dir/ap4hlc_ws/install/path_tracker/lib/python3.10/site-packages/path_tracker
byte-compiling /root/ap4_hlc_docker_dir/ap4hlc_ws/install/path_tracker/lib/python3.10/site-packages/path_tracker/__init__.py to __init__.cpython-310.pyc
byte-compiling /root/ap4_hlc_docker_dir/ap4hlc_ws/install/path_tracker/lib/python3.10/site-packages/path_tracker/result.py to result.cpython-310.pyc
byte-compiling /root/ap4_hlc_docker_dir/ap4hlc_ws/install/path_tracker/lib/python3.10/site-packages/path_tracker/path_recorder.py to path_recorder.cpython-310.pyc
running install_data
copying package.xml -> /root/ap4_hlc_docker_dir/ap4hlc_ws/install/path_tracker/share/path_tracker
creating /root/ap4_hlc_docker_dir/ap4hlc_ws/install/path_tracker/share/path_tracker/launch
copying launch/launch_path_comparison.launch.py -> /root/ap4_hlc_docker_dir/ap4hlc_ws/install/path_tracker/share/path_tracker/launch
running install_egg_info
Copying ../../build/path_tracker/path_tracker.egg-info to /root/ap4_hlc_docker_dir/ap4hlc_ws/install/path_tracker/lib/python3.10/site-packages/path_tracker-0.1.0-py3.10.egg-info
running install_scripts
Installing odom_recorder script to /root/ap4_hlc_docker_dir/ap4hlc_ws/install/path_tracker/lib/path_tracker
Installing path_recorder script to /root/ap4_hlc_docker_dir/ap4hlc_ws/install/path_tracker/lib/path_tracker
writing list of installed files to '/root/ap4_hlc_docker_dir/ap4hlc_ws/build/path_tracker/install.log'
