[0.964s] Invoking command in '/root/ap4_hlc_docker_dir/ap4hlc_ws/src/path_tracker': PYTHONPATH=/root/ap4_hlc_docker_dir/ap4hlc_ws/build/path_tracker/prefix_override:/usr/lib/python3/dist-packages/colcon_core/task/python/colcon_distutils_commands:/root/ap4_hlc_docker_dir/ap4hlc_ws/install/path_tracker/lib/python3.10/site-packages:${PYTHONPATH} /usr/bin/python3 -W ignore:setup.py install is deprecated -W ignore:easy_install command is deprecated setup.py egg_info --egg-base ../../build/path_tracker build --build-base /root/ap4_hlc_docker_dir/ap4hlc_ws/build/path_tracker/build install --record /root/ap4_hlc_docker_dir/ap4hlc_ws/build/path_tracker/install.log --single-version-externally-managed install_data
[1.128s] running egg_info
[1.129s] creating ../../build/path_tracker/path_tracker.egg-info
[1.129s] writing ../../build/path_tracker/path_tracker.egg-info/PKG-INFO
[1.129s] writing dependency_links to ../../build/path_tracker/path_tracker.egg-info/dependency_links.txt
[1.129s] writing entry points to ../../build/path_tracker/path_tracker.egg-info/entry_points.txt
[1.129s] writing requirements to ../../build/path_tracker/path_tracker.egg-info/requires.txt
[1.129s] writing top-level names to ../../build/path_tracker/path_tracker.egg-info/top_level.txt
[1.129s] writing manifest file '../../build/path_tracker/path_tracker.egg-info/SOURCES.txt'
[1.130s] reading manifest file '../../build/path_tracker/path_tracker.egg-info/SOURCES.txt'
[1.131s] writing manifest file '../../build/path_tracker/path_tracker.egg-info/SOURCES.txt'
[1.131s] running build
[1.131s] running build_py
[1.131s] creating /root/ap4_hlc_docker_dir/ap4hlc_ws/build/path_tracker/build
[1.131s] creating /root/ap4_hlc_docker_dir/ap4hlc_ws/build/path_tracker/build/lib
[1.131s] creating /root/ap4_hlc_docker_dir/ap4hlc_ws/build/path_tracker/build/lib/path_tracker
[1.131s] copying path_tracker/__init__.py -> /root/ap4_hlc_docker_dir/ap4hlc_ws/build/path_tracker/build/lib/path_tracker
[1.131s] copying path_tracker/result.py -> /root/ap4_hlc_docker_dir/ap4hlc_ws/build/path_tracker/build/lib/path_tracker
[1.131s] copying path_tracker/path_recorder.py -> /root/ap4_hlc_docker_dir/ap4hlc_ws/build/path_tracker/build/lib/path_tracker
[1.131s] running install
[1.132s] running install_lib
[1.132s] creating /root/ap4_hlc_docker_dir/ap4hlc_ws/install/path_tracker/lib/python3.10/site-packages/path_tracker
[1.132s] copying /root/ap4_hlc_docker_dir/ap4hlc_ws/build/path_tracker/build/lib/path_tracker/__init__.py -> /root/ap4_hlc_docker_dir/ap4hlc_ws/install/path_tracker/lib/python3.10/site-packages/path_tracker
[1.132s] copying /root/ap4_hlc_docker_dir/ap4hlc_ws/build/path_tracker/build/lib/path_tracker/result.py -> /root/ap4_hlc_docker_dir/ap4hlc_ws/install/path_tracker/lib/python3.10/site-packages/path_tracker
[1.132s] copying /root/ap4_hlc_docker_dir/ap4hlc_ws/build/path_tracker/build/lib/path_tracker/path_recorder.py -> /root/ap4_hlc_docker_dir/ap4hlc_ws/install/path_tracker/lib/python3.10/site-packages/path_tracker
[1.133s] byte-compiling /root/ap4_hlc_docker_dir/ap4hlc_ws/install/path_tracker/lib/python3.10/site-packages/path_tracker/__init__.py to __init__.cpython-310.pyc
[1.133s] byte-compiling /root/ap4_hlc_docker_dir/ap4hlc_ws/install/path_tracker/lib/python3.10/site-packages/path_tracker/result.py to result.cpython-310.pyc
[1.133s] byte-compiling /root/ap4_hlc_docker_dir/ap4hlc_ws/install/path_tracker/lib/python3.10/site-packages/path_tracker/path_recorder.py to path_recorder.cpython-310.pyc
[1.134s] running install_data
[1.134s] copying package.xml -> /root/ap4_hlc_docker_dir/ap4hlc_ws/install/path_tracker/share/path_tracker
[1.134s] creating /root/ap4_hlc_docker_dir/ap4hlc_ws/install/path_tracker/share/path_tracker/launch
[1.134s] copying launch/launch_path_comparison.launch.py -> /root/ap4_hlc_docker_dir/ap4hlc_ws/install/path_tracker/share/path_tracker/launch
[1.134s] running install_egg_info
[1.135s] Copying ../../build/path_tracker/path_tracker.egg-info to /root/ap4_hlc_docker_dir/ap4hlc_ws/install/path_tracker/lib/python3.10/site-packages/path_tracker-0.1.0-py3.10.egg-info
[1.136s] running install_scripts
[1.151s] Installing odom_recorder script to /root/ap4_hlc_docker_dir/ap4hlc_ws/install/path_tracker/lib/path_tracker
[1.151s] Installing path_recorder script to /root/ap4_hlc_docker_dir/ap4hlc_ws/install/path_tracker/lib/path_tracker
[1.151s] writing list of installed files to '/root/ap4_hlc_docker_dir/ap4hlc_ws/build/path_tracker/install.log'
[1.177s] Invoked command in '/root/ap4_hlc_docker_dir/ap4hlc_ws/src/path_tracker' returned '0': PYTHONPATH=/root/ap4_hlc_docker_dir/ap4hlc_ws/build/path_tracker/prefix_override:/usr/lib/python3/dist-packages/colcon_core/task/python/colcon_distutils_commands:/root/ap4_hlc_docker_dir/ap4hlc_ws/install/path_tracker/lib/python3.10/site-packages:${PYTHONPATH} /usr/bin/python3 -W ignore:setup.py install is deprecated -W ignore:easy_install command is deprecated setup.py egg_info --egg-base ../../build/path_tracker build --build-base /root/ap4_hlc_docker_dir/ap4hlc_ws/build/path_tracker/build install --record /root/ap4_hlc_docker_dir/ap4hlc_ws/build/path_tracker/install.log --single-version-externally-managed install_data
