running egg_info
writing ../../build/twist_stamper/twist_stamper.egg-info/PKG-INFO
writing dependency_links to ../../build/twist_stamper/twist_stamper.egg-info/dependency_links.txt
writing entry points to ../../build/twist_stamper/twist_stamper.egg-info/entry_points.txt
writing requirements to ../../build/twist_stamper/twist_stamper.egg-info/requires.txt
writing top-level names to ../../build/twist_stamper/twist_stamper.egg-info/top_level.txt
reading manifest file '../../build/twist_stamper/twist_stamper.egg-info/SOURCES.txt'
adding license file 'LICENSE'
writing manifest file '../../build/twist_stamper/twist_stamper.egg-info/SOURCES.txt'
running build
running build_py
running install
running install_lib
running install_data
running install_egg_info
removing '/root/ap4_hlc_docker_dir/ap4hlc_ws/install/twist_stamper/lib/python3.10/site-packages/twist_stamper-0.0.3-py3.10.egg-info' (and everything under it)
Copying ../../build/twist_stamper/twist_stamper.egg-info to /root/ap4_hlc_docker_dir/ap4hlc_ws/install/twist_stamper/lib/python3.10/site-packages/twist_stamper-0.0.3-py3.10.egg-info
running install_scripts
Installing twist_stamper script to /root/ap4_hlc_docker_dir/ap4hlc_ws/install/twist_stamper/lib/twist_stamper
Installing twist_unstamper script to /root/ap4_hlc_docker_dir/ap4hlc_ws/install/twist_stamper/lib/twist_stamper
writing list of installed files to '/root/ap4_hlc_docker_dir/ap4hlc_ws/build/twist_stamper/install.log'
