[0.019s] Invoking command in '/root/ap4_hlc_docker_dir/ap4hlc_ws/build/imitation_learning': CMAKE_PREFIX_PATH=/opt/ros/humble /usr/bin/cmake /root/ap4_hlc_docker_dir/ap4hlc_ws/src/imitation_learning -DCMAKE_INSTALL_PREFIX=/root/ap4_hlc_docker_dir/ap4hlc_ws/install/imitation_learning
[0.726s] -- The C compiler identification is GNU 11.4.0
[0.726s] -- The CXX compiler identification is GNU 11.4.0
[0.726s] -- Detecting C compiler ABI info
[0.726s] -- Detecting C compiler ABI info - done
[0.726s] -- Check for working C compiler: /usr/bin/cc - skipped
[0.726s] -- Detecting C compile features
[0.727s] -- Detecting C compile features - done
[0.727s] -- Detecting CXX compiler ABI info
[0.727s] -- Detecting CXX compiler ABI info - done
[0.727s] -- Check for working CXX compiler: /usr/bin/c++ - skipped
[0.727s] -- Detecting CXX compile features
[0.727s] -- Detecting CXX compile features - done
[0.727s] -- Found ament_cmake: 1.3.11 (/opt/ros/humble/share/ament_cmake/cmake)
[0.727s] -- Found Python3: /usr/bin/python3 (found version "3.10.12") found components: Interpreter 
[0.727s] -- Found ament_lint_auto: 0.12.12 (/opt/ros/humble/share/ament_lint_auto/cmake)
[0.727s] -- Added test 'flake8' to check Python code syntax and style conventions
[0.727s] -- Added test 'lint_cmake' to check CMake code style
[0.727s] -- Added test 'pep257' to check Python code against some of the docstring style conventions in PEP 257
[0.727s] -- Added test 'xmllint' to check XML markup files
[0.727s] -- Configuring done
[0.727s] -- Generating done
[0.727s] -- Build files have been written to: /root/ap4_hlc_docker_dir/ap4hlc_ws/build/imitation_learning
[0.728s] Invoked command in '/root/ap4_hlc_docker_dir/ap4hlc_ws/build/imitation_learning' returned '0': CMAKE_PREFIX_PATH=/opt/ros/humble /usr/bin/cmake /root/ap4_hlc_docker_dir/ap4hlc_ws/src/imitation_learning -DCMAKE_INSTALL_PREFIX=/root/ap4_hlc_docker_dir/ap4hlc_ws/install/imitation_learning
[0.728s] Invoking command in '/root/ap4_hlc_docker_dir/ap4hlc_ws/build/imitation_learning': CMAKE_PREFIX_PATH=/opt/ros/humble /usr/bin/cmake --build /root/ap4_hlc_docker_dir/ap4hlc_ws/build/imitation_learning -- -j20 -l20
[0.756s] Invoked command in '/root/ap4_hlc_docker_dir/ap4hlc_ws/build/imitation_learning' returned '0': CMAKE_PREFIX_PATH=/opt/ros/humble /usr/bin/cmake --build /root/ap4_hlc_docker_dir/ap4hlc_ws/build/imitation_learning -- -j20 -l20
[0.757s] Invoking command in '/root/ap4_hlc_docker_dir/ap4hlc_ws/build/imitation_learning': CMAKE_PREFIX_PATH=/opt/ros/humble /usr/bin/cmake --install /root/ap4_hlc_docker_dir/ap4hlc_ws/build/imitation_learning
[0.760s] -- Install configuration: ""
[0.760s] -- Installing: /root/ap4_hlc_docker_dir/ap4hlc_ws/install/imitation_learning/share/imitation_learning/simulation_donkeycar
[0.761s] -- Installing: /root/ap4_hlc_docker_dir/ap4hlc_ws/install/imitation_learning/share/imitation_learning/simulation_donkeycar/ppo_train.py
[0.761s] -- Installing: /root/ap4_hlc_docker_dir/ap4hlc_ws/install/imitation_learning/share/imitation_learning/simulation_donkeycar/train.py
[0.761s] -- Installing: /root/ap4_hlc_docker_dir/ap4hlc_ws/install/imitation_learning/share/imitation_learning/simulation_donkeycar/manage.py
[0.761s] -- Installing: /root/ap4_hlc_docker_dir/ap4hlc_ws/install/imitation_learning/share/imitation_learning/simulation_donkeycar/calibrate.py
[0.761s] -- Installing: /root/ap4_hlc_docker_dir/ap4hlc_ws/install/imitation_learning/share/imitation_learning/simulation_donkeycar/start_simualtion.sh
[0.761s] -- Installing: /root/ap4_hlc_docker_dir/ap4hlc_ws/install/imitation_learning/share/imitation_learning/simulation_donkeycar/config.py
[0.761s] -- Installing: /root/ap4_hlc_docker_dir/ap4hlc_ws/install/imitation_learning/share/imitation_learning/simulation_donkeycar/.gitignore
[0.761s] -- Installing: /root/ap4_hlc_docker_dir/ap4hlc_ws/install/imitation_learning/share/imitation_learning/simulation_donkeycar/myconfig.py
[0.761s] -- Installing: /root/ap4_hlc_docker_dir/ap4hlc_ws/install/imitation_learning/lib/imitation_learning/train_DAgger.py
[0.761s] -- Installing: /root/ap4_hlc_docker_dir/ap4hlc_ws/install/imitation_learning/lib/imitation_learning/evaluate_models.py
[0.762s] -- Installing: /root/ap4_hlc_docker_dir/ap4hlc_ws/install/imitation_learning/lib/imitation_learning/image_display.py
[0.762s] -- Installing: /root/ap4_hlc_docker_dir/ap4hlc_ws/install/imitation_learning/lib/imitation_learning/utils.py
[0.762s] -- Installing: /root/ap4_hlc_docker_dir/ap4hlc_ws/install/imitation_learning/share/ament_index/resource_index/package_run_dependencies/imitation_learning
[0.762s] -- Installing: /root/ap4_hlc_docker_dir/ap4hlc_ws/install/imitation_learning/share/ament_index/resource_index/parent_prefix_path/imitation_learning
[0.762s] -- Installing: /root/ap4_hlc_docker_dir/ap4hlc_ws/install/imitation_learning/share/imitation_learning/environment/ament_prefix_path.sh
[0.762s] -- Installing: /root/ap4_hlc_docker_dir/ap4hlc_ws/install/imitation_learning/share/imitation_learning/environment/ament_prefix_path.dsv
[0.762s] -- Installing: /root/ap4_hlc_docker_dir/ap4hlc_ws/install/imitation_learning/share/imitation_learning/environment/path.sh
[0.762s] -- Installing: /root/ap4_hlc_docker_dir/ap4hlc_ws/install/imitation_learning/share/imitation_learning/environment/path.dsv
[0.762s] -- Installing: /root/ap4_hlc_docker_dir/ap4hlc_ws/install/imitation_learning/share/imitation_learning/local_setup.bash
[0.763s] -- Installing: /root/ap4_hlc_docker_dir/ap4hlc_ws/install/imitation_learning/share/imitation_learning/local_setup.sh
[0.763s] -- Installing: /root/ap4_hlc_docker_dir/ap4hlc_ws/install/imitation_learning/share/imitation_learning/local_setup.zsh
[0.763s] -- Installing: /root/ap4_hlc_docker_dir/ap4hlc_ws/install/imitation_learning/share/imitation_learning/local_setup.dsv
[0.763s] -- Installing: /root/ap4_hlc_docker_dir/ap4hlc_ws/install/imitation_learning/share/imitation_learning/package.dsv
[0.763s] -- Installing: /root/ap4_hlc_docker_dir/ap4hlc_ws/install/imitation_learning/share/ament_index/resource_index/packages/imitation_learning
[0.763s] -- Installing: /root/ap4_hlc_docker_dir/ap4hlc_ws/install/imitation_learning/share/imitation_learning/cmake/imitation_learningConfig.cmake
[0.763s] -- Installing: /root/ap4_hlc_docker_dir/ap4hlc_ws/install/imitation_learning/share/imitation_learning/cmake/imitation_learningConfig-version.cmake
[0.763s] -- Installing: /root/ap4_hlc_docker_dir/ap4hlc_ws/install/imitation_learning/share/imitation_learning/package.xml
[0.781s] Invoked command in '/root/ap4_hlc_docker_dir/ap4hlc_ws/build/imitation_learning' returned '0': CMAKE_PREFIX_PATH=/opt/ros/humble /usr/bin/cmake --install /root/ap4_hlc_docker_dir/ap4hlc_ws/build/imitation_learning
