-- Install configuration: ""
-- Up-to-date: /root/ap4_hlc_docker_dir/ap4hlc_ws/install/imitation_learning/share/imitation_learning/simulation_donkeycar
-- Up-to-date: /root/ap4_hlc_docker_dir/ap4hlc_ws/install/imitation_learning/share/imitation_learning/simulation_donkeycar/ppo_train.py
-- Up-to-date: /root/ap4_hlc_docker_dir/ap4hlc_ws/install/imitation_learning/share/imitation_learning/simulation_donkeycar/train.py
-- Up-to-date: /root/ap4_hlc_docker_dir/ap4hlc_ws/install/imitation_learning/share/imitation_learning/simulation_donkeycar/manage.py
-- Up-to-date: /root/ap4_hlc_docker_dir/ap4hlc_ws/install/imitation_learning/share/imitation_learning/simulation_donkeycar/calibrate.py
-- Up-to-date: /root/ap4_hlc_docker_dir/ap4hlc_ws/install/imitation_learning/share/imitation_learning/simulation_donkeycar/start_simualtion.sh
-- Up-to-date: /root/ap4_hlc_docker_dir/ap4hlc_ws/install/imitation_learning/share/imitation_learning/simulation_donkeycar/config.py
-- Up-to-date: /root/ap4_hlc_docker_dir/ap4hlc_ws/install/imitation_learning/share/imitation_learning/simulation_donkeycar/.gitignore
-- Up-to-date: /root/ap4_hlc_docker_dir/ap4hlc_ws/install/imitation_learning/share/imitation_learning/simulation_donkeycar/myconfig.py
-- Up-to-date: /root/ap4_hlc_docker_dir/ap4hlc_ws/install/imitation_learning/lib/imitation_learning/train_DAgger.py
-- Up-to-date: /root/ap4_hlc_docker_dir/ap4hlc_ws/install/imitation_learning/lib/imitation_learning/evaluate_models.py
-- Up-to-date: /root/ap4_hlc_docker_dir/ap4hlc_ws/install/imitation_learning/lib/imitation_learning/image_display.py
-- Up-to-date: /root/ap4_hlc_docker_dir/ap4hlc_ws/install/imitation_learning/lib/imitation_learning/utils.py
-- Up-to-date: /root/ap4_hlc_docker_dir/ap4hlc_ws/install/imitation_learning/share/ament_index/resource_index/package_run_dependencies/imitation_learning
-- Up-to-date: /root/ap4_hlc_docker_dir/ap4hlc_ws/install/imitation_learning/share/ament_index/resource_index/parent_prefix_path/imitation_learning
-- Up-to-date: /root/ap4_hlc_docker_dir/ap4hlc_ws/install/imitation_learning/share/imitation_learning/environment/ament_prefix_path.sh
-- Up-to-date: /root/ap4_hlc_docker_dir/ap4hlc_ws/install/imitation_learning/share/imitation_learning/environment/ament_prefix_path.dsv
-- Up-to-date: /root/ap4_hlc_docker_dir/ap4hlc_ws/install/imitation_learning/share/imitation_learning/environment/path.sh
-- Up-to-date: /root/ap4_hlc_docker_dir/ap4hlc_ws/install/imitation_learning/share/imitation_learning/environment/path.dsv
-- Up-to-date: /root/ap4_hlc_docker_dir/ap4hlc_ws/install/imitation_learning/share/imitation_learning/local_setup.bash
-- Up-to-date: /root/ap4_hlc_docker_dir/ap4hlc_ws/install/imitation_learning/share/imitation_learning/local_setup.sh
-- Up-to-date: /root/ap4_hlc_docker_dir/ap4hlc_ws/install/imitation_learning/share/imitation_learning/local_setup.zsh
-- Up-to-date: /root/ap4_hlc_docker_dir/ap4hlc_ws/install/imitation_learning/share/imitation_learning/local_setup.dsv
-- Up-to-date: /root/ap4_hlc_docker_dir/ap4hlc_ws/install/imitation_learning/share/imitation_learning/package.dsv
-- Up-to-date: /root/ap4_hlc_docker_dir/ap4hlc_ws/install/imitation_learning/share/ament_index/resource_index/packages/imitation_learning
-- Up-to-date: /root/ap4_hlc_docker_dir/ap4hlc_ws/install/imitation_learning/share/imitation_learning/cmake/imitation_learningConfig.cmake
-- Up-to-date: /root/ap4_hlc_docker_dir/ap4hlc_ws/install/imitation_learning/share/imitation_learning/cmake/imitation_learningConfig-version.cmake
-- Up-to-date: /root/ap4_hlc_docker_dir/ap4hlc_ws/install/imitation_learning/share/imitation_learning/package.xml
