[0.971s] Invoking command in '/root/ap4_hlc_docker_dir/ap4hlc_ws/src/imu_pkg': PYTHONPATH=/root/ap4_hlc_docker_dir/ap4hlc_ws/build/imu_pkg/prefix_override:/usr/lib/python3/dist-packages/colcon_core/task/python/colcon_distutils_commands:/root/ap4_hlc_docker_dir/ap4hlc_ws/install/imu_pkg/lib/python3.10/site-packages:${PYTHONPATH} /usr/bin/python3 -W ignore:setup.py install is deprecated -W ignore:easy_install command is deprecated setup.py egg_info --egg-base ../../build/imu_pkg build --build-base /root/ap4_hlc_docker_dir/ap4hlc_ws/build/imu_pkg/build install --record /root/ap4_hlc_docker_dir/ap4hlc_ws/build/imu_pkg/install.log --single-version-externally-managed install_data
[1.134s] running egg_info
[1.134s] writing ../../build/imu_pkg/imu_pkg.egg-info/PKG-INFO
[1.135s] writing dependency_links to ../../build/imu_pkg/imu_pkg.egg-info/dependency_links.txt
[1.135s] writing entry points to ../../build/imu_pkg/imu_pkg.egg-info/entry_points.txt
[1.135s] writing requirements to ../../build/imu_pkg/imu_pkg.egg-info/requires.txt
[1.135s] writing top-level names to ../../build/imu_pkg/imu_pkg.egg-info/top_level.txt
[1.136s] reading manifest file '../../build/imu_pkg/imu_pkg.egg-info/SOURCES.txt'
[1.136s] writing manifest file '../../build/imu_pkg/imu_pkg.egg-info/SOURCES.txt'
[1.136s] running build
[1.136s] running build_py
[1.136s] running install
[1.137s] running install_lib
[1.138s] running install_data
[1.138s] running install_egg_info
[1.139s] removing '/root/ap4_hlc_docker_dir/ap4hlc_ws/install/imu_pkg/lib/python3.10/site-packages/imu_pkg-0.0.0-py3.10.egg-info' (and everything under it)
[1.139s] Copying ../../build/imu_pkg/imu_pkg.egg-info to /root/ap4_hlc_docker_dir/ap4hlc_ws/install/imu_pkg/lib/python3.10/site-packages/imu_pkg-0.0.0-py3.10.egg-info
[1.139s] running install_scripts
[1.154s] Installing imu_output_node script to /root/ap4_hlc_docker_dir/ap4hlc_ws/install/imu_pkg/lib/imu_pkg
[1.154s] writing list of installed files to '/root/ap4_hlc_docker_dir/ap4hlc_ws/build/imu_pkg/install.log'
[1.175s] Invoked command in '/root/ap4_hlc_docker_dir/ap4hlc_ws/src/imu_pkg' returned '0': PYTHONPATH=/root/ap4_hlc_docker_dir/ap4hlc_ws/build/imu_pkg/prefix_override:/usr/lib/python3/dist-packages/colcon_core/task/python/colcon_distutils_commands:/root/ap4_hlc_docker_dir/ap4hlc_ws/install/imu_pkg/lib/python3.10/site-packages:${PYTHONPATH} /usr/bin/python3 -W ignore:setup.py install is deprecated -W ignore:easy_install command is deprecated setup.py egg_info --egg-base ../../build/imu_pkg build --build-base /root/ap4_hlc_docker_dir/ap4hlc_ws/build/imu_pkg/build install --record /root/ap4_hlc_docker_dir/ap4hlc_ws/build/imu_pkg/install.log --single-version-externally-managed install_data
