[0.967s] Invoking command in '/root/ap4_hlc_docker_dir/ap4hlc_ws/src/keyboard_control': PYTHONPATH=/root/ap4_hlc_docker_dir/ap4hlc_ws/build/keyboard_control/prefix_override:/usr/lib/python3/dist-packages/colcon_core/task/python/colcon_distutils_commands:/root/ap4_hlc_docker_dir/ap4hlc_ws/install/keyboard_control/lib/python3.10/site-packages:${PYTHONPATH} /usr/bin/python3 -W ignore:setup.py install is deprecated -W ignore:easy_install command is deprecated setup.py egg_info --egg-base ../../build/keyboard_control build --build-base /root/ap4_hlc_docker_dir/ap4hlc_ws/build/keyboard_control/build install --record /root/ap4_hlc_docker_dir/ap4hlc_ws/build/keyboard_control/install.log --single-version-externally-managed install_data
[1.132s] running egg_info
[1.133s] writing ../../build/keyboard_control/keyboard_control.egg-info/PKG-INFO
[1.133s] writing dependency_links to ../../build/keyboard_control/keyboard_control.egg-info/dependency_links.txt
[1.133s] writing entry points to ../../build/keyboard_control/keyboard_control.egg-info/entry_points.txt
[1.133s] writing requirements to ../../build/keyboard_control/keyboard_control.egg-info/requires.txt
[1.133s] writing top-level names to ../../build/keyboard_control/keyboard_control.egg-info/top_level.txt
[1.134s] reading manifest file '../../build/keyboard_control/keyboard_control.egg-info/SOURCES.txt'
[1.135s] writing manifest file '../../build/keyboard_control/keyboard_control.egg-info/SOURCES.txt'
[1.135s] running build
[1.135s] running build_py
[1.135s] running install
[1.135s] running install_lib
[1.136s] running install_data
[1.136s] running install_egg_info
[1.137s] removing '/root/ap4_hlc_docker_dir/ap4hlc_ws/install/keyboard_control/lib/python3.10/site-packages/keyboard_control-0.0.0-py3.10.egg-info' (and everything under it)
[1.137s] Copying ../../build/keyboard_control/keyboard_control.egg-info to /root/ap4_hlc_docker_dir/ap4hlc_ws/install/keyboard_control/lib/python3.10/site-packages/keyboard_control-0.0.0-py3.10.egg-info
[1.138s] running install_scripts
[1.152s] Installing keyboard_control_node script to /root/ap4_hlc_docker_dir/ap4hlc_ws/install/keyboard_control/lib/keyboard_control
[1.152s] Installing lidar_output_node script to /root/ap4_hlc_docker_dir/ap4hlc_ws/install/keyboard_control/lib/keyboard_control
[1.152s] writing list of installed files to '/root/ap4_hlc_docker_dir/ap4hlc_ws/build/keyboard_control/install.log'
[1.178s] Invoked command in '/root/ap4_hlc_docker_dir/ap4hlc_ws/src/keyboard_control' returned '0': PYTHONPATH=/root/ap4_hlc_docker_dir/ap4hlc_ws/build/keyboard_control/prefix_override:/usr/lib/python3/dist-packages/colcon_core/task/python/colcon_distutils_commands:/root/ap4_hlc_docker_dir/ap4hlc_ws/install/keyboard_control/lib/python3.10/site-packages:${PYTHONPATH} /usr/bin/python3 -W ignore:setup.py install is deprecated -W ignore:easy_install command is deprecated setup.py egg_info --egg-base ../../build/keyboard_control build --build-base /root/ap4_hlc_docker_dir/ap4hlc_ws/build/keyboard_control/build install --record /root/ap4_hlc_docker_dir/ap4hlc_ws/build/keyboard_control/install.log --single-version-externally-managed install_data
