-- Install configuration: ""
-- Up-to-date: /root/ap4_hlc_docker_dir/ap4hlc_ws/install/autonomous_platform_robot_description_pkg/share/autonomous_platform_robot_description_pkg/src
-- Up-to-date: /root/ap4_hlc_docker_dir/ap4hlc_ws/install/autonomous_platform_robot_description_pkg/share/autonomous_platform_robot_description_pkg/src/description
-- Up-to-date: /root/ap4_hlc_docker_dir/ap4hlc_ws/install/autonomous_platform_robot_description_pkg/share/autonomous_platform_robot_description_pkg/src/description/simple_digital_twin.urdf.xacro
-- Up-to-date: /root/ap4_hlc_docker_dir/ap4hlc_ws/install/autonomous_platform_robot_description_pkg/share/autonomous_platform_robot_description_pkg/src/description/inertia_macros.xacro
-- Up-to-date: /root/ap4_hlc_docker_dir/ap4hlc_ws/install/autonomous_platform_robot_description_pkg/share/autonomous_platform_robot_description_pkg/src/description/ap4_robot_description.urdf.xacro
-- Up-to-date: /root/ap4_hlc_docker_dir/ap4hlc_ws/install/autonomous_platform_robot_description_pkg/share/autonomous_platform_robot_description_pkg/src/description/lidar.xacro
-- Up-to-date: /root/ap4_hlc_docker_dir/ap4hlc_ws/install/autonomous_platform_robot_description_pkg/share/autonomous_platform_robot_description_pkg/src/description/control_simple_digital_twin.xacro
-- Up-to-date: /root/ap4_hlc_docker_dir/ap4hlc_ws/install/autonomous_platform_robot_description_pkg/share/autonomous_platform_robot_description_pkg/src/description/imu.xacro
-- Up-to-date: /root/ap4_hlc_docker_dir/ap4hlc_ws/install/autonomous_platform_robot_description_pkg/share/autonomous_platform_robot_description_pkg/launch
-- Up-to-date: /root/ap4_hlc_docker_dir/ap4hlc_ws/install/autonomous_platform_robot_description_pkg/share/autonomous_platform_robot_description_pkg/launch/launch_robot.launch.py
-- Installing: /root/ap4_hlc_docker_dir/ap4hlc_ws/install/autonomous_platform_robot_description_pkg/share/autonomous_platform_robot_description_pkg/launch/launch_robot_simulation.launch.py
-- Up-to-date: /root/ap4_hlc_docker_dir/ap4hlc_ws/install/autonomous_platform_robot_description_pkg/share/autonomous_platform_robot_description_pkg/rviz
-- Up-to-date: /root/ap4_hlc_docker_dir/ap4hlc_ws/install/autonomous_platform_robot_description_pkg/share/autonomous_platform_robot_description_pkg/rviz/rviz_nav2.rviz
-- Up-to-date: /root/ap4_hlc_docker_dir/ap4hlc_ws/install/autonomous_platform_robot_description_pkg/share/autonomous_platform_robot_description_pkg/worlds
-- Up-to-date: /root/ap4_hlc_docker_dir/ap4hlc_ws/install/autonomous_platform_robot_description_pkg/share/autonomous_platform_robot_description_pkg/worlds/gocart.mtl
-- Up-to-date: /root/ap4_hlc_docker_dir/ap4hlc_ws/install/autonomous_platform_robot_description_pkg/share/autonomous_platform_robot_description_pkg/worlds/example_world
-- Up-to-date: /root/ap4_hlc_docker_dir/ap4hlc_ws/install/autonomous_platform_robot_description_pkg/share/autonomous_platform_robot_description_pkg/worlds/gocart.blend
-- Up-to-date: /root/ap4_hlc_docker_dir/ap4hlc_ws/install/autonomous_platform_robot_description_pkg/share/autonomous_platform_robot_description_pkg/worlds/gocart.obj
-- Up-to-date: /root/ap4_hlc_docker_dir/ap4hlc_ws/install/autonomous_platform_robot_description_pkg/share/autonomous_platform_robot_description_pkg/worlds/test_models
-- Up-to-date: /root/ap4_hlc_docker_dir/ap4hlc_ws/install/autonomous_platform_robot_description_pkg/share/autonomous_platform_robot_description_pkg/worlds/test_models/model.config
-- Up-to-date: /root/ap4_hlc_docker_dir/ap4hlc_ws/install/autonomous_platform_robot_description_pkg/share/autonomous_platform_robot_description_pkg/worlds/test_models/model.sdf
-- Up-to-date: /root/ap4_hlc_docker_dir/ap4hlc_ws/install/autonomous_platform_robot_description_pkg/share/autonomous_platform_robot_description_pkg/worlds/gocartcentralen.world
-- Up-to-date: /root/ap4_hlc_docker_dir/ap4hlc_ws/install/autonomous_platform_robot_description_pkg/share/autonomous_platform_robot_description_pkg/config
-- Up-to-date: /root/ap4_hlc_docker_dir/ap4hlc_ws/install/autonomous_platform_robot_description_pkg/share/autonomous_platform_robot_description_pkg/config/ekf_imu.yaml
-- Up-to-date: /root/ap4_hlc_docker_dir/ap4hlc_ws/install/autonomous_platform_robot_description_pkg/share/autonomous_platform_robot_description_pkg/config/mapper_params_online_async_simulation.yaml
-- Up-to-date: /root/ap4_hlc_docker_dir/ap4hlc_ws/install/autonomous_platform_robot_description_pkg/share/autonomous_platform_robot_description_pkg/config/ekf.yaml
-- Up-to-date: /root/ap4_hlc_docker_dir/ap4hlc_ws/install/autonomous_platform_robot_description_pkg/share/autonomous_platform_robot_description_pkg/config/nav2_config.yaml
-- Up-to-date: /root/ap4_hlc_docker_dir/ap4hlc_ws/install/autonomous_platform_robot_description_pkg/share/autonomous_platform_robot_description_pkg/config/nav2_config_sim.yaml
-- Up-to-date: /root/ap4_hlc_docker_dir/ap4hlc_ws/install/autonomous_platform_robot_description_pkg/share/autonomous_platform_robot_description_pkg/config/mapper_params_online_async.yaml
-- Up-to-date: /root/ap4_hlc_docker_dir/ap4hlc_ws/install/autonomous_platform_robot_description_pkg/share/autonomous_platform_robot_description_pkg/config/gz_bridge.yaml
-- Up-to-date: /root/ap4_hlc_docker_dir/ap4hlc_ws/install/autonomous_platform_robot_description_pkg/share/ament_index/resource_index/package_run_dependencies/autonomous_platform_robot_description_pkg
-- Up-to-date: /root/ap4_hlc_docker_dir/ap4hlc_ws/install/autonomous_platform_robot_description_pkg/share/ament_index/resource_index/parent_prefix_path/autonomous_platform_robot_description_pkg
-- Up-to-date: /root/ap4_hlc_docker_dir/ap4hlc_ws/install/autonomous_platform_robot_description_pkg/share/autonomous_platform_robot_description_pkg/environment/ament_prefix_path.sh
-- Up-to-date: /root/ap4_hlc_docker_dir/ap4hlc_ws/install/autonomous_platform_robot_description_pkg/share/autonomous_platform_robot_description_pkg/environment/ament_prefix_path.dsv
-- Up-to-date: /root/ap4_hlc_docker_dir/ap4hlc_ws/install/autonomous_platform_robot_description_pkg/share/autonomous_platform_robot_description_pkg/environment/path.sh
-- Up-to-date: /root/ap4_hlc_docker_dir/ap4hlc_ws/install/autonomous_platform_robot_description_pkg/share/autonomous_platform_robot_description_pkg/environment/path.dsv
-- Up-to-date: /root/ap4_hlc_docker_dir/ap4hlc_ws/install/autonomous_platform_robot_description_pkg/share/autonomous_platform_robot_description_pkg/local_setup.bash
-- Up-to-date: /root/ap4_hlc_docker_dir/ap4hlc_ws/install/autonomous_platform_robot_description_pkg/share/autonomous_platform_robot_description_pkg/local_setup.sh
-- Up-to-date: /root/ap4_hlc_docker_dir/ap4hlc_ws/install/autonomous_platform_robot_description_pkg/share/autonomous_platform_robot_description_pkg/local_setup.zsh
-- Up-to-date: /root/ap4_hlc_docker_dir/ap4hlc_ws/install/autonomous_platform_robot_description_pkg/share/autonomous_platform_robot_description_pkg/local_setup.dsv
-- Up-to-date: /root/ap4_hlc_docker_dir/ap4hlc_ws/install/autonomous_platform_robot_description_pkg/share/autonomous_platform_robot_description_pkg/package.dsv
-- Up-to-date: /root/ap4_hlc_docker_dir/ap4hlc_ws/install/autonomous_platform_robot_description_pkg/share/ament_index/resource_index/packages/autonomous_platform_robot_description_pkg
-- Up-to-date: /root/ap4_hlc_docker_dir/ap4hlc_ws/install/autonomous_platform_robot_description_pkg/share/autonomous_platform_robot_description_pkg/cmake/autonomous_platform_robot_description_pkgConfig.cmake
-- Up-to-date: /root/ap4_hlc_docker_dir/ap4hlc_ws/install/autonomous_platform_robot_description_pkg/share/autonomous_platform_robot_description_pkg/cmake/autonomous_platform_robot_description_pkgConfig-version.cmake
-- Up-to-date: /root/ap4_hlc_docker_dir/ap4hlc_ws/install/autonomous_platform_robot_description_pkg/share/autonomous_platform_robot_description_pkg/package.xml
