[0.960s] Invoking command in '/root/ap4_hlc_docker_dir/ap4hlc_ws/src/twist_stamper': PYTHONPATH=/root/ap4_hlc_docker_dir/ap4hlc_ws/build/twist_stamper/prefix_override:/usr/lib/python3/dist-packages/colcon_core/task/python/colcon_distutils_commands:/root/ap4_hlc_docker_dir/ap4hlc_ws/install/twist_stamper/lib/python3.10/site-packages:${PYTHONPATH} /usr/bin/python3 -W ignore:setup.py install is deprecated -W ignore:easy_install command is deprecated setup.py egg_info --egg-base ../../build/twist_stamper build --build-base /root/ap4_hlc_docker_dir/ap4hlc_ws/build/twist_stamper/build install --record /root/ap4_hlc_docker_dir/ap4hlc_ws/build/twist_stamper/install.log --single-version-externally-managed install_data
[1.125s] running egg_info
[1.125s] creating ../../build/twist_stamper/twist_stamper.egg-info
[1.125s] writing ../../build/twist_stamper/twist_stamper.egg-info/PKG-INFO
[1.125s] writing dependency_links to ../../build/twist_stamper/twist_stamper.egg-info/dependency_links.txt
[1.125s] writing entry points to ../../build/twist_stamper/twist_stamper.egg-info/entry_points.txt
[1.126s] writing requirements to ../../build/twist_stamper/twist_stamper.egg-info/requires.txt
[1.126s] writing top-level names to ../../build/twist_stamper/twist_stamper.egg-info/top_level.txt
[1.126s] writing manifest file '../../build/twist_stamper/twist_stamper.egg-info/SOURCES.txt'
[1.127s] reading manifest file '../../build/twist_stamper/twist_stamper.egg-info/SOURCES.txt'
[1.127s] adding license file 'LICENSE'
[1.127s] writing manifest file '../../build/twist_stamper/twist_stamper.egg-info/SOURCES.txt'
[1.127s] running build
[1.127s] running build_py
[1.127s] creating /root/ap4_hlc_docker_dir/ap4hlc_ws/build/twist_stamper/build
[1.127s] creating /root/ap4_hlc_docker_dir/ap4hlc_ws/build/twist_stamper/build/lib
[1.127s] creating /root/ap4_hlc_docker_dir/ap4hlc_ws/build/twist_stamper/build/lib/twist_stamper
[1.128s] copying twist_stamper/__init__.py -> /root/ap4_hlc_docker_dir/ap4hlc_ws/build/twist_stamper/build/lib/twist_stamper
[1.128s] copying twist_stamper/twist_unstamper.py -> /root/ap4_hlc_docker_dir/ap4hlc_ws/build/twist_stamper/build/lib/twist_stamper
[1.128s] copying twist_stamper/twist_stamper.py -> /root/ap4_hlc_docker_dir/ap4hlc_ws/build/twist_stamper/build/lib/twist_stamper
[1.128s] running install
[1.128s] running install_lib
[1.129s] creating /root/ap4_hlc_docker_dir/ap4hlc_ws/install/twist_stamper/lib/python3.10/site-packages/twist_stamper
[1.129s] copying /root/ap4_hlc_docker_dir/ap4hlc_ws/build/twist_stamper/build/lib/twist_stamper/__init__.py -> /root/ap4_hlc_docker_dir/ap4hlc_ws/install/twist_stamper/lib/python3.10/site-packages/twist_stamper
[1.129s] copying /root/ap4_hlc_docker_dir/ap4hlc_ws/build/twist_stamper/build/lib/twist_stamper/twist_unstamper.py -> /root/ap4_hlc_docker_dir/ap4hlc_ws/install/twist_stamper/lib/python3.10/site-packages/twist_stamper
[1.129s] copying /root/ap4_hlc_docker_dir/ap4hlc_ws/build/twist_stamper/build/lib/twist_stamper/twist_stamper.py -> /root/ap4_hlc_docker_dir/ap4hlc_ws/install/twist_stamper/lib/python3.10/site-packages/twist_stamper
[1.129s] byte-compiling /root/ap4_hlc_docker_dir/ap4hlc_ws/install/twist_stamper/lib/python3.10/site-packages/twist_stamper/__init__.py to __init__.cpython-310.pyc
[1.129s] byte-compiling /root/ap4_hlc_docker_dir/ap4hlc_ws/install/twist_stamper/lib/python3.10/site-packages/twist_stamper/twist_unstamper.py to twist_unstamper.cpython-310.pyc
[1.129s] byte-compiling /root/ap4_hlc_docker_dir/ap4hlc_ws/install/twist_stamper/lib/python3.10/site-packages/twist_stamper/twist_stamper.py to twist_stamper.cpython-310.pyc
[1.130s] running install_data
[1.130s] creating /root/ap4_hlc_docker_dir/ap4hlc_ws/install/twist_stamper/share/ament_index
[1.130s] creating /root/ap4_hlc_docker_dir/ap4hlc_ws/install/twist_stamper/share/ament_index/resource_index
[1.130s] creating /root/ap4_hlc_docker_dir/ap4hlc_ws/install/twist_stamper/share/ament_index/resource_index/packages
[1.130s] copying resource/twist_stamper -> /root/ap4_hlc_docker_dir/ap4hlc_ws/install/twist_stamper/share/ament_index/resource_index/packages
[1.130s] copying package.xml -> /root/ap4_hlc_docker_dir/ap4hlc_ws/install/twist_stamper/share/twist_stamper
[1.130s] running install_egg_info
[1.131s] Copying ../../build/twist_stamper/twist_stamper.egg-info to /root/ap4_hlc_docker_dir/ap4hlc_ws/install/twist_stamper/lib/python3.10/site-packages/twist_stamper-0.0.3-py3.10.egg-info
[1.132s] running install_scripts
[1.147s] Installing twist_stamper script to /root/ap4_hlc_docker_dir/ap4hlc_ws/install/twist_stamper/lib/twist_stamper
[1.147s] Installing twist_unstamper script to /root/ap4_hlc_docker_dir/ap4hlc_ws/install/twist_stamper/lib/twist_stamper
[1.147s] writing list of installed files to '/root/ap4_hlc_docker_dir/ap4hlc_ws/build/twist_stamper/install.log'
[1.169s] Invoked command in '/root/ap4_hlc_docker_dir/ap4hlc_ws/src/twist_stamper' returned '0': PYTHONPATH=/root/ap4_hlc_docker_dir/ap4hlc_ws/build/twist_stamper/prefix_override:/usr/lib/python3/dist-packages/colcon_core/task/python/colcon_distutils_commands:/root/ap4_hlc_docker_dir/ap4hlc_ws/install/twist_stamper/lib/python3.10/site-packages:${PYTHONPATH} /usr/bin/python3 -W ignore:setup.py install is deprecated -W ignore:easy_install command is deprecated setup.py egg_info --egg-base ../../build/twist_stamper build --build-base /root/ap4_hlc_docker_dir/ap4hlc_ws/build/twist_stamper/build install --record /root/ap4_hlc_docker_dir/ap4hlc_ws/build/twist_stamper/install.log --single-version-externally-managed install_data
